<?xml version="1.0" encoding="UTF-8"?>
<testng-results ignored="0" total="1" passed="1" failed="0" skipped="0">
  <reporter-output>
  </reporter-output>
  <suite started-at="2022-02-12T23:07:23 IST" name="Default suite" finished-at="2022-02-12T23:07:25 IST" duration-ms="1941">
    <groups>
    </groups>
    <test started-at="2022-02-12T23:07:23 IST" name="Default test" finished-at="2022-02-12T23:07:25 IST" duration-ms="1941">
      <class name="responseValidation.DynamicResponsevalidate">
        <test-method signature="verify()[pri:0, instance:responseValidation.DynamicResponsevalidate@5fd4f8f5]" started-at="2022-02-12T23:07:23 IST" name="verify" finished-at="2022-02-12T23:07:25 IST" duration-ms="1905" status="PASS">
          <reporter-output>
          </reporter-output>
        </test-method> <!-- verify -->
      </class> <!-- responseValidation.DynamicResponsevalidate -->
    </test> <!-- Default test -->
  </suite> <!-- Default suite -->
</testng-results>
